#
# A fatal error has been detected by the Java Runtime Environment:
#
#  EXCEPTION_ACCESS_VIOLATION (0xc0000005) at pc=0x0000000070157c17, pid=183224, tid=114724
#
# JRE version: Java(TM) SE Runtime Environment (8.0_91-b14) (build 1.8.0_91-b14)
# Java VM: Java HotSpot(TM) 64-Bit Server VM (25.91-b14 mixed mode windows-amd64 compressed oops)
# Problematic frame:
# V  [jvm.dll+0x67c17]
#
# Failed to write core dump. Minidumps are not enabled by default on client versions of Windows
#
# If you would like to submit a bug report, please visit:
#   http://bugreport.java.com/bugreport/crash.jsp
#

---------------  T H R E A D  ---------------

Current thread (0x000000000221e800):  JavaThread "main" [_thread_in_vm, id=114724, stack(0x00000000023b0000,0x00000000024b0000)]

siginfo: ExceptionCode=0xc0000005, reading address 0xffffffffffffffff

Registers:
RAX=0x0000000000000048, RBX=0x0000000058dc5770, RCX=0x48005c1ee13d8b48, RDX=0x0000000000000000
RSP=0x00000000024accc8, RBP=0x0000000070fc1350, RSI=0x00000000572c4f18, RDI=0x00000000021534c0
R8 =0x0000000000000015, R9 =0x000000006ee6de60, R10=0x00000000021534c0, R11=0x00000000aad3b1ff
R12=0x0000000070fc1320, R13=0x0000000000000000, R14=0x00000000024ad0d0, R15=0x00000000024ad0d8
RIP=0x0000000070157c17, EFLAGS=0x0000000000010206

Top of Stack: (sp=0x00000000024accc8)
0x00000000024accc8:   000000007024ce3a 0000000058dc5770
0x00000000024accd8:   00000000572c4f18 000000000221e800
0x00000000024acce8:   000000000000002f 0000000070fc15d8
0x00000000024accf8:   00000000024acd48 00000000aad3b1ff
0x00000000024acd08:   000000007015de89 00000000024ad0a0
0x00000000024acd18:   0000000000000000 0000000070fc1320
0x00000000024acd28:   000000007024d087 000000000221e800
0x00000000024acd38:   00000000002ff5ba 00000000572c4f18
0x00000000024acd48:   0000000070fc1350 000000000221e800
0x00000000024acd58:   0000000000000000 000000000221e800
0x00000000024acd68:   0000000000000000 0000000000000000
0x00000000024acd78:   0000000000000000 000000000221e800
0x00000000024acd88:   0000000070fc3652 000000000221e9f8
0x00000000024acd98:   00000000024ace90 00000000572c4f10
0x00000000024acda8:   00000000027e1260 0000000000000000
0x00000000024acdb8:   00000000027e1357 00000000027e1660 

Instructions: (pc=0x0000000070157c17)
0x0000000070157bf7:   48 8b 04 08 c3 cc cc cc cc 48 63 05 b9 20 78 00
0x0000000070157c07:   48 89 14 08 c3 cc cc cc cc 48 63 05 a9 20 78 00
0x0000000070157c17:   48 83 3c 08 00 0f 94 c0 c3 48 63 05 95 20 78 00
0x0000000070157c27:   48 8b 14 08 48 85 d2 74 0a 8b 42 08 c1 f8 08 0f 


Register to memory mapping:

RAX=0x0000000000000048 is an unknown value
RBX=0x0000000058dc5770 is an unknown value
RCX=0x48005c1ee13d8b48 is an unknown value
RDX=0x0000000000000000 is an unknown value
RSP=0x00000000024accc8 is pointing into the stack for thread: 0x000000000221e800
RBP=0x0000000070fc1350 is an unknown value
RSI=0x00000000572c4f18 is an unknown value
RDI=0x00000000021534c0 is an unknown value
R8 =0x0000000000000015 is an unknown value
R9 =0x000000006ee6de60 is an unknown value
R10=0x00000000021534c0 is an unknown value
R11=0x00000000aad3b1ff is an unallocated location in the heap
R12=0x0000000070fc1320 is an unknown value
R13=0x0000000000000000 is an unknown value
R14=0x00000000024ad0d0 is pointing into the stack for thread: 0x000000000221e800
R15=0x00000000024ad0d8 is pointing into the stack for thread: 0x000000000221e800


Stack: [0x00000000023b0000,0x00000000024b0000],  sp=0x00000000024accc8,  free space=1011k
Native frames: (J=compiled Java code, j=interpreted, Vv=VM code, C=native code)
V  [jvm.dll+0x67c17]

Java frames: (J=compiled Java code, j=interpreted, Vv=VM code)
j  com.microsoft.sqlserver.jdbc.AuthenticationJNI.SNISecGenClientContext([B[I[BI[B[I[ZLjava/lang/String;Ljava/lang/String;Ljava/lang/String;Ljava/util/logging/Logger;)I+0
j  com.microsoft.sqlserver.jdbc.AuthenticationJNI.GenerateClientContext([BI[B[I[Z)I+24
j  com.microsoft.sqlserver.jdbc.SQLServerConnection.SSPIData([B[B[I[ZLcom/microsoft/sqlserver/jdbc/AuthenticationJNI;)V+13
j  com.microsoft.sqlserver.jdbc.SQLServerConnection.sendLogon(Lcom/microsoft/sqlserver/jdbc/SQLServerConnection$LogonCommand;Lcom/microsoft/sqlserver/jdbc/AuthenticationJNI;)V+151
j  com.microsoft.sqlserver.jdbc.SQLServerConnection.logon(Lcom/microsoft/sqlserver/jdbc/SQLServerConnection$LogonCommand;)V+20
j  com.microsoft.sqlserver.jdbc.SQLServerConnection.access$000(Lcom/microsoft/sqlserver/jdbc/SQLServerConnection;Lcom/microsoft/sqlserver/jdbc/SQLServerConnection$LogonCommand;)V+2
j  com.microsoft.sqlserver.jdbc.SQLServerConnection$LogonCommand.doExecute()Z+5
j  com.microsoft.sqlserver.jdbc.TDSCommand.execute(Lcom/microsoft/sqlserver/jdbc/TDSWriter;Lcom/microsoft/sqlserver/jdbc/TDSReader;)Z+30
j  com.microsoft.sqlserver.jdbc.SQLServerConnection.executeCommand(Lcom/microsoft/sqlserver/jdbc/TDSCommand;)Z+45
j  com.microsoft.sqlserver.jdbc.SQLServerConnection.connectHelper(Lcom/microsoft/sqlserver/jdbc/ServerPortPlaceHolder;II)V+284
j  com.microsoft.sqlserver.jdbc.SQLServerConnection.login(Ljava/lang/String;Ljava/lang/String;ILjava/lang/String;Lcom/microsoft/sqlserver/jdbc/FailoverInfo;IJ)V+399
j  com.microsoft.sqlserver.jdbc.SQLServerConnection.connect(Ljava/util/Properties;Lcom/microsoft/sqlserver/jdbc/SQLServerPooledConnection;)Ljava/sql/Connection;+1736
j  com.microsoft.sqlserver.jdbc.SQLServerDriver.connect(Ljava/lang/String;Ljava/util/Properties;)Ljava/sql/Connection;+45
j  java.sql.DriverManager.getConnection(Ljava/lang/String;Ljava/util/Properties;Ljava/lang/Class;)Ljava/sql/Connection;+171
j  java.sql.DriverManager.getConnection(Ljava/lang/String;Ljava/util/Properties;)Ljava/sql/Connection;+5
j  org.eclipse.persistence.sessions.DefaultConnector.connect(Ljava/util/Properties;Lorg/eclipse/persistence/sessions/Session;)Ljava/sql/Connection;+67
j  org.eclipse.persistence.sessions.DatasourceLogin.connectToDatasource(Lorg/eclipse/persistence/internal/databaseaccess/Accessor;Lorg/eclipse/persistence/sessions/Session;)Ljava/lang/Object;+13
j  org.eclipse.persistence.internal.sessions.DatabaseSessionImpl.loginAndDetectDatasource()V+12
j  org.eclipse.persistence.internal.jpa.EntityManagerFactoryProvider.login(Lorg/eclipse/persistence/internal/sessions/DatabaseSessionImpl;Ljava/util/Map;)V+34
j  org.eclipse.persistence.internal.jpa.EntityManagerSetupImpl.deploy(Ljava/lang/ClassLoader;Ljava/util/Map;)Lorg/eclipse/persistence/internal/sessions/DatabaseSessionImpl;+602
j  org.eclipse.persistence.internal.jpa.EntityManagerFactoryDelegate.getDatabaseSession()Lorg/eclipse/persistence/internal/sessions/DatabaseSessionImpl;+54
j  org.eclipse.persistence.internal.jpa.EntityManagerFactoryDelegate.createEntityManagerImpl(Ljava/util/Map;)Lorg/eclipse/persistence/internal/jpa/EntityManagerImpl;+5
j  org.eclipse.persistence.internal.jpa.EntityManagerFactoryImpl.createEntityManagerImpl(Ljava/util/Map;)Lorg/eclipse/persistence/internal/jpa/EntityManagerImpl;+87
j  org.eclipse.persistence.internal.jpa.EntityManagerFactoryImpl.createEntityManager()Ljavax/persistence/EntityManager;+2
j  com.gd.entity.ATFEntityManager.<init>(Ljava/lang/String;)V+25
j  com.gd.cucumber.entity.CucumberEntity.<clinit>()V+14
v  ~StubRoutines::call_stub
j  com.gd.db.test.EntityTest.getBrowserTest()V+2
v  ~StubRoutines::call_stub
j  sun.reflect.NativeMethodAccessorImpl.invoke0(Ljava/lang/reflect/Method;Ljava/lang/Object;[Ljava/lang/Object;)Ljava/lang/Object;+0
j  sun.reflect.NativeMethodAccessorImpl.invoke(Ljava/lang/Object;[Ljava/lang/Object;)Ljava/lang/Object;+100
j  sun.reflect.DelegatingMethodAccessorImpl.invoke(Ljava/lang/Object;[Ljava/lang/Object;)Ljava/lang/Object;+6
j  java.lang.reflect.Method.invoke(Ljava/lang/Object;[Ljava/lang/Object;)Ljava/lang/Object;+56
j  org.junit.runners.model.FrameworkMethod$1.runReflectiveCall()Ljava/lang/Object;+15
j  org.junit.internal.runners.model.ReflectiveCallable.run()Ljava/lang/Object;+1
j  org.junit.runners.model.FrameworkMethod.invokeExplosively(Ljava/lang/Object;[Ljava/lang/Object;)Ljava/lang/Object;+10
j  org.junit.internal.runners.statements.InvokeMethod.evaluate()V+12
j  org.junit.runners.ParentRunner.runLeaf(Lorg/junit/runners/model/Statement;Lorg/junit/runner/Description;Lorg/junit/runner/notification/RunNotifier;)V+17
j  org.junit.runners.BlockJUnit4ClassRunner.runChild(Lorg/junit/runners/model/FrameworkMethod;Lorg/junit/runner/notification/RunNotifier;)V+30
j  org.junit.runners.BlockJUnit4ClassRunner.runChild(Ljava/lang/Object;Lorg/junit/runner/notification/RunNotifier;)V+6
j  org.junit.runners.ParentRunner$3.run()V+12
j  org.junit.runners.ParentRunner$1.schedule(Ljava/lang/Runnable;)V+1
j  org.junit.runners.ParentRunner.runChildren(Lorg/junit/runner/notification/RunNotifier;)V+44
j  org.junit.runners.ParentRunner.access$000(Lorg/junit/runners/ParentRunner;Lorg/junit/runner/notification/RunNotifier;)V+2
j  org.junit.runners.ParentRunner$2.evaluate()V+8
j  org.junit.runners.ParentRunner.run(Lorg/junit/runner/notification/RunNotifier;)V+20
j  org.eclipse.jdt.internal.junit4.runner.JUnit4TestReference.run(Lorg/eclipse/jdt/internal/junit/runner/TestExecution;)V+72
j  org.eclipse.jdt.internal.junit.runner.TestExecution.run([Lorg/eclipse/jdt/internal/junit/runner/ITestReference;)V+17
j  org.eclipse.jdt.internal.junit.runner.RemoteTestRunner.runTests([Ljava/lang/String;Ljava/lang/String;Lorg/eclipse/jdt/internal/junit/runner/TestExecution;)V+61
j  org.eclipse.jdt.internal.junit.runner.RemoteTestRunner.runTests(Lorg/eclipse/jdt/internal/junit/runner/TestExecution;)V+10
j  org.eclipse.jdt.internal.junit.runner.RemoteTestRunner.run()V+70
j  org.eclipse.jdt.internal.junit.runner.RemoteTestRunner.main([Ljava/lang/String;)V+14
v  ~StubRoutines::call_stub

---------------  P R O C E S S  ---------------

Java Threads: ( => current thread )
  0x0000000058586000 JavaThread "ReaderThread" [_thread_in_native, id=62656, stack(0x0000000058c00000,0x0000000058d00000)]
  0x0000000058462800 JavaThread "Service Thread" daemon [_thread_blocked, id=228284, stack(0x0000000058900000,0x0000000058a00000)]
  0x0000000057320800 JavaThread "C1 CompilerThread1" daemon [_thread_blocked, id=236852, stack(0x0000000057d70000,0x0000000057e70000)]
  0x00000000572c9800 JavaThread "C2 CompilerThread0" daemon [_thread_blocked, id=237112, stack(0x0000000058350000,0x0000000058450000)]
  0x00000000572c8000 JavaThread "Attach Listener" daemon [_thread_blocked, id=227572, stack(0x0000000058240000,0x0000000058340000)]
  0x00000000572c6000 JavaThread "Signal Dispatcher" daemon [_thread_blocked, id=231716, stack(0x0000000057fd0000,0x00000000580d0000)]
  0x00000000572ae800 JavaThread "Finalizer" daemon [_thread_blocked, id=230408, stack(0x0000000057e70000,0x0000000057f70000)]
  0x0000000057267800 JavaThread "Reference Handler" daemon [_thread_blocked, id=236856, stack(0x0000000057b30000,0x0000000057c30000)]
=>0x000000000221e800 JavaThread "main" [_thread_in_vm, id=114724, stack(0x00000000023b0000,0x00000000024b0000)]

Other Threads:
  0x000000005725d800 VMThread [stack: 0x0000000057c40000,0x0000000057d40000] [id=123420]
  0x0000000058479800 WatcherThread [stack: 0x0000000058120000,0x0000000058220000] [id=232912]

VM state:not at safepoint (normal execution)

VM Mutex/Monitor currently owned by a thread: None

Heap:
 PSYoungGen      total 38400K, used 9885K [0x00000000d5580000, 0x00000000da080000, 0x0000000100000000)
  eden space 33280K, 14% used [0x00000000d5580000,0x00000000d5a27c38,0x00000000d7600000)
  from space 5120K, 99% used [0x00000000d7600000,0x00000000d7aff8c8,0x00000000d7b00000)
  to   space 5120K, 0% used [0x00000000d9b80000,0x00000000d9b80000,0x00000000da080000)
 ParOldGen       total 87552K, used 21456K [0x0000000080000000, 0x0000000085580000, 0x00000000d5580000)
  object space 87552K, 24% used [0x0000000080000000,0x00000000814f4388,0x0000000085580000)
 Metaspace       used 16270K, capacity 16526K, committed 16896K, reserved 1064960K
  class space    used 1820K, capacity 1927K, committed 2048K, reserved 1048576K

Card table byte_map: [0x0000000011b40000,0x0000000011f50000] byte_map_base: 0x0000000011740000

Marking Bits: (ParMarkBitMap*) 0x0000000070902f70
 Begin Bits: [0x0000000012530000, 0x0000000014530000)
 End Bits:   [0x0000000014530000, 0x0000000016530000)

Polling page: 0x0000000000250000

CodeCache: size=245760Kb used=3940Kb max_used=3949Kb free=241819Kb
 bounds [0x0000000002780000, 0x0000000002b60000, 0x0000000011780000]
 total_blobs=1519 nmethods=1144 adapters=287
 compilation: enabled

Compilation events (10 events):
Event: 2.488 Thread 0x00000000572c9800 1137       4       sun.security.provider.MD5::FF (33 bytes)
Event: 2.488 Thread 0x00000000572c9800 nmethod 1137 0x0000000002b4d650 code [0x0000000002b4d780, 0x0000000002b4d7f8]
Event: 2.488 Thread 0x00000000572c9800 1138       4       sun.security.provider.MD5::GG (33 bytes)
Event: 2.488 Thread 0x00000000572c9800 nmethod 1138 0x0000000002b59550 code [0x0000000002b59680, 0x0000000002b596f8]
Event: 2.488 Thread 0x00000000572c9800 1139       4       sun.security.provider.MD5::HH (29 bytes)
Event: 2.489 Thread 0x00000000572c9800 nmethod 1139 0x0000000002b59350 code [0x0000000002b59480, 0x0000000002b594f8]
Event: 2.489 Thread 0x00000000572c9800 1140       4       sun.security.provider.MD5::II (31 bytes)
Event: 2.489 Thread 0x00000000572c9800 nmethod 1140 0x0000000002b59150 code [0x0000000002b59280, 0x0000000002b592f8]
Event: 2.493 Thread 0x0000000057320800 1144       3       java.util.WeakHashMap::eq (19 bytes)
Event: 2.493 Thread 0x0000000057320800 nmethod 1144 0x0000000002b5bf10 code [0x0000000002b5c080, 0x0000000002b5c308]

GC Heap History (6 events):
Event: 1.677 GC heap before
{Heap before GC invocations=1 (full 0):
 PSYoungGen      total 38400K, used 33280K [0x00000000d5580000, 0x00000000d8000000, 0x0000000100000000)
  eden space 33280K, 100% used [0x00000000d5580000,0x00000000d7600000,0x00000000d7600000)
  from space 5120K, 0% used [0x00000000d7b00000,0x00000000d7b00000,0x00000000d8000000)
  to   space 5120K, 0% used [0x00000000d7600000,0x00000000d7600000,0x00000000d7b00000)
 ParOldGen       total 87552K, used 0K [0x0000000080000000, 0x0000000085580000, 0x00000000d5580000)
  object space 87552K, 0% used [0x0000000080000000,0x0000000080000000,0x0000000085580000)
 Metaspace       used 13334K, capacity 13474K, committed 13568K, reserved 1060864K
  class space    used 1503K, capacity 1528K, committed 1536K, reserved 1048576K
Event: 1.689 GC heap after
Heap after GC invocations=1 (full 0):
 PSYoungGen      total 38400K, used 5095K [0x00000000d5580000, 0x00000000d8000000, 0x0000000100000000)
  eden space 33280K, 0% used [0x00000000d5580000,0x00000000d5580000,0x00000000d7600000)
  from space 5120K, 99% used [0x00000000d7600000,0x00000000d7af9c30,0x00000000d7b00000)
  to   space 5120K, 0% used [0x00000000d7b00000,0x00000000d7b00000,0x00000000d8000000)
 ParOldGen       total 87552K, used 3180K [0x0000000080000000, 0x0000000085580000, 0x00000000d5580000)
  object space 87552K, 3% used [0x0000000080000000,0x000000008031b168,0x0000000085580000)
 Metaspace       used 13334K, capacity 13474K, committed 13568K, reserved 1060864K
  class space    used 1503K, capacity 1528K, committed 1536K, reserved 1048576K
}
Event: 2.016 GC heap before
{Heap before GC invocations=2 (full 0):
 PSYoungGen      total 38400K, used 38375K [0x00000000d5580000, 0x00000000d8000000, 0x0000000100000000)
  eden space 33280K, 100% used [0x00000000d5580000,0x00000000d7600000,0x00000000d7600000)
  from space 5120K, 99% used [0x00000000d7600000,0x00000000d7af9c30,0x00000000d7b00000)
  to   space 5120K, 0% used [0x00000000d7b00000,0x00000000d7b00000,0x00000000d8000000)
 ParOldGen       total 87552K, used 3180K [0x0000000080000000, 0x0000000085580000, 0x00000000d5580000)
  object space 87552K, 3% used [0x0000000080000000,0x000000008031b168,0x0000000085580000)
 Metaspace       used 14446K, capacity 14650K, committed 14848K, reserved 1062912K
  class space    used 1631K, capacity 1729K, committed 1792K, reserved 1048576K
Event: 2.038 GC heap after
Heap after GC invocations=2 (full 0):
 PSYoungGen      total 38400K, used 5103K [0x00000000d5580000, 0x00000000da080000, 0x0000000100000000)
  eden space 33280K, 0% used [0x00000000d5580000,0x00000000d5580000,0x00000000d7600000)
  from space 5120K, 99% used [0x00000000d7b00000,0x00000000d7ffbe18,0x00000000d8000000)
  to   space 5120K, 0% used [0x00000000d7600000,0x00000000d7600000,0x00000000d7b00000)
 ParOldGen       total 87552K, used 11633K [0x0000000080000000, 0x0000000085580000, 0x00000000d5580000)
  object space 87552K, 13% used [0x0000000080000000,0x0000000080b5c4b0,0x0000000085580000)
 Metaspace       used 14446K, capacity 14650K, committed 14848K, reserved 1062912K
  class space    used 1631K, capacity 1729K, committed 1792K, reserved 1048576K
}
Event: 2.262 GC heap before
{Heap before GC invocations=3 (full 0):
 PSYoungGen      total 38400K, used 38383K [0x00000000d5580000, 0x00000000da080000, 0x0000000100000000)
  eden space 33280K, 100% used [0x00000000d5580000,0x00000000d7600000,0x00000000d7600000)
  from space 5120K, 99% used [0x00000000d7b00000,0x00000000d7ffbe18,0x00000000d8000000)
  to   space 5120K, 0% used [0x00000000d7600000,0x00000000d7600000,0x00000000d7b00000)
 ParOldGen       total 87552K, used 11633K [0x0000000080000000, 0x0000000085580000, 0x00000000d5580000)
  object space 87552K, 13% used [0x0000000080000000,0x0000000080b5c4b0,0x0000000085580000)
 Metaspace       used 14812K, capacity 15074K, committed 15360K, reserved 1062912K
  class space    used 1676K, capacity 1765K, committed 1792K, reserved 1048576K
Event: 2.276 GC heap after
Heap after GC invocations=3 (full 0):
 PSYoungGen      total 38400K, used 5118K [0x00000000d5580000, 0x00000000da080000, 0x0000000100000000)
  eden space 33280K, 0% used [0x00000000d5580000,0x00000000d5580000,0x00000000d7600000)
  from space 5120K, 99% used [0x00000000d7600000,0x00000000d7aff8c8,0x00000000d7b00000)
  to   space 5120K, 0% used [0x00000000d9b80000,0x00000000d9b80000,0x00000000da080000)
 ParOldGen       total 87552K, used 21456K [0x0000000080000000, 0x0000000085580000, 0x00000000d5580000)
  object space 87552K, 24% used [0x0000000080000000,0x00000000814f4388,0x0000000085580000)
 Metaspace       used 14812K, capacity 15074K, committed 15360K, reserved 1062912K
  class space    used 1676K, capacity 1765K, committed 1792K, reserved 1048576K
}

Deoptimization events (10 events):
Event: 1.583 Thread 0x000000000221e800 Uncommon trap: reason=class_check action=maybe_recompile pc=0x0000000002a2b734 method=java.util.HashMap.putVal(ILjava/lang/Object;Ljava/lang/Object;ZZ)Ljava/lang/Object; @ 253
Event: 1.585 Thread 0x000000000221e800 Uncommon trap: reason=unstable_if action=reinterpret pc=0x00000000029cf690 method=java.io.WinNTFileSystem.normalize(Ljava/lang/String;)Ljava/lang/String; @ 128
Event: 1.826 Thread 0x000000000221e800 Uncommon trap: reason=bimorphic action=maybe_recompile pc=0x0000000002a618e4 method=java.util.HashMap.putVal(ILjava/lang/Object;Ljava/lang/Object;ZZ)Ljava/lang/Object; @ 203
Event: 1.833 Thread 0x000000000221e800 Uncommon trap: reason=unstable_if action=reinterpret pc=0x0000000002a04a84 method=java.lang.CharacterDataLatin1.digit(II)I @ 82
Event: 1.839 Thread 0x000000000221e800 Uncommon trap: reason=unstable_if action=reinterpret pc=0x00000000029c4e7c method=java.util.regex.Matcher.reset()Ljava/util/regex/Matcher; @ 47
Event: 1.839 Thread 0x000000000221e800 Uncommon trap: reason=class_check action=maybe_recompile pc=0x000000000294c894 method=java.util.regex.Pattern$Slice.match(Ljava/util/regex/Matcher;ILjava/lang/CharSequence;)Z @ 75
Event: 1.843 Thread 0x000000000221e800 Uncommon trap: reason=class_check action=maybe_recompile pc=0x000000000294c894 method=java.util.regex.Pattern$Slice.match(Ljava/util/regex/Matcher;ILjava/lang/CharSequence;)Z @ 75
Event: 1.843 Thread 0x000000000221e800 Uncommon trap: reason=class_check action=maybe_recompile pc=0x000000000294c894 method=java.util.regex.Pattern$Slice.match(Ljava/util/regex/Matcher;ILjava/lang/CharSequence;)Z @ 75
Event: 1.847 Thread 0x000000000221e800 Uncommon trap: reason=class_check action=maybe_recompile pc=0x000000000294c894 method=java.util.regex.Pattern$Slice.match(Ljava/util/regex/Matcher;ILjava/lang/CharSequence;)Z @ 75
Event: 2.420 Thread 0x000000000221e800 Uncommon trap: reason=unstable_if action=reinterpret pc=0x0000000002af9e50 method=java.util.zip.ZipCoder.decoder()Ljava/nio/charset/CharsetDecoder; @ 4

Internal exceptions (10 events):
Event: 0.087 Thread 0x000000000221e800 Exception <a 'java/lang/NoSuchMethodError': Method sun.misc.Unsafe.prefetchRead(Ljava/lang/Object;J)V name or signature does not match> (0x00000000d5587fa8) thrown at [C:\re\workspace\8-2-build-windows-amd64-cygwin\jdk8u91\6644\hotspot\src\share\vm\prims\jJ­ö —Ü?
Event: 0.447 Thread 0x000000000221e800 Exception <a 'java/security/PrivilegedActionException'> (0x00000000d5981370) thrown at [C:\re\workspace\8-2-build-windows-amd64-cygwin\jdk8u91\6644\hotspot\src\share\vm\prims\jvm.cpp, line 1386]
Event: 0.447 Thread 0x000000000221e800 Exception <a 'java/security/PrivilegedActionException'> (0x00000000d5981768) thrown at [C:\re\workspace\8-2-build-windows-amd64-cygwin\jdk8u91\6644\hotspot\src\share\vm\prims\jvm.cpp, line 1386]
Event: 0.448 Thread 0x000000000221e800 Exception <a 'java/security/PrivilegedActionException'> (0x00000000d59856e0) thrown at [C:\re\workspace\8-2-build-windows-amd64-cygwin\jdk8u91\6644\hotspot\src\share\vm\prims\jvm.cpp, line 1386]
Event: 0.448 Thread 0x000000000221e800 Exception <a 'java/security/PrivilegedActionException'> (0x00000000d5985ad8) thrown at [C:\re\workspace\8-2-build-windows-amd64-cygwin\jdk8u91\6644\hotspot\src\share\vm\prims\jvm.cpp, line 1386]
Event: 0.522 Thread 0x000000000221e800 Exception <a 'java/lang/NoClassDefFoundError': org/slf4j/impl/StaticLoggerBinder> (0x00000000d5a32620) thrown at [C:\re\workspace\8-2-build-windows-amd64-cygwin\jdk8u91\6644\hotspot\src\share\vm\classfile\systemDictionary.cpp, line 199]
Event: 1.379 Thread 0x000000000221e800 Exception <a 'java/lang/NoClassDefFoundError': javax/validation/Validation> (0x00000000d724c7c8) thrown at [C:\re\workspace\8-2-build-windows-amd64-cygwin\jdk8u91\6644\hotspot\src\share\vm\classfile\systemDictionary.cpp, line 199]
Event: 1.807 Thread 0x000000000221e800 Exception <a 'java/lang/NoSuchFieldError': method resolution failed> (0x00000000d5977b48) thrown at [C:\re\workspace\8-2-build-windows-amd64-cygwin\jdk8u91\6644\hotspot\src\share\vm\prims\methodHandles.cpp, line 1146]
Event: 1.815 Thread 0x000000000221e800 Exception <a 'java/lang/NoSuchFieldError': method resolution failed> (0x00000000d59855d8) thrown at [C:\re\workspace\8-2-build-windows-amd64-cygwin\jdk8u91\6644\hotspot\src\share\vm\prims\methodHandles.cpp, line 1146]
Event: 2.420 Thread 0x000000000221e800 Implicit null exception at 0x0000000002af9819 to 0x0000000002af9e21

Events (10 events):
Event: 2.482 loading class javax/crypto/MacSpi
Event: 2.482 loading class javax/crypto/MacSpi done
Event: 2.493 loading class sun/security/ssl/CipherBox$1
Event: 2.493 loading class sun/security/ssl/CipherBox$1 done
Event: 2.493 loading class java/lang/StrictMath
Event: 2.493 loading class java/lang/StrictMath done
Event: 2.495 loading class com/microsoft/sqlserver/jdbc/AuthenticationJNI
Event: 2.495 loading class com/microsoft/sqlserver/jdbc/AuthenticationJNI done
Event: 2.496 loading class java/lang/ClassLoaderHelper
Event: 2.496 loading class java/lang/ClassLoaderHelper done


Dynamic libraries:
0x000000013fc60000 - 0x000000013fc97000 	C:\Program Files\Java\jre1.8.0_91\bin\javaw.exe
0x0000000077550000 - 0x00000000776fa000 	C:\Windows\SYSTEM32\ntdll.dll
0x0000000077430000 - 0x000000007754f000 	C:\Windows\system32\kernel32.dll
0x000007fefd470000 - 0x000007fefd4da000 	C:\Windows\system32\KERNELBASE.dll
0x000007fefd6a0000 - 0x000007fefd77b000 	C:\Windows\system32\ADVAPI32.dll
0x000007feff730000 - 0x000007feff7cf000 	C:\Windows\system32\msvcrt.dll
0x000007fefd780000 - 0x000007fefd79f000 	C:\Windows\SYSTEM32\sechost.dll
0x000007fefe530000 - 0x000007fefe65d000 	C:\Windows\system32\RPCRT4.dll
0x0000000077330000 - 0x000000007742a000 	C:\Windows\system32\USER32.dll
0x000007fefeee0000 - 0x000007fefef47000 	C:\Windows\system32\GDI32.dll
0x000007feff180000 - 0x000007feff18e000 	C:\Windows\system32\LPK.dll
0x000007feff190000 - 0x000007feff25a000 	C:\Windows\system32\USP10.dll
0x000007fefbcb0000 - 0x000007fefbea4000 	C:\Windows\WinSxS\amd64_microsoft.windows.common-controls_6595b64144ccf1df_6.0.7601.18837_none_fa3b1e3d17594757\COMCTL32.dll
0x000007fefe660000 - 0x000007fefe6d1000 	C:\Windows\system32\SHLWAPI.dll
0x000007fefeab0000 - 0x000007fefeade000 	C:\Windows\system32\IMM32.DLL
0x000007fefedd0000 - 0x000007fefeed9000 	C:\Windows\system32\MSCTF.dll
0x000007fefa6a0000 - 0x000007fefa710000 	C:\Windows\system32\dlphook.x64.dll
0x000007fefc370000 - 0x000007fefc37c000 	C:\Windows\system32\VERSION.dll
0x0000000077710000 - 0x0000000077717000 	C:\Windows\system32\PSAPI.DLL
0x000007fefd7a0000 - 0x000007fefe529000 	C:\Windows\system32\SHELL32.dll
0x000007feff520000 - 0x000007feff723000 	C:\Windows\system32\ole32.dll
0x000007fefd650000 - 0x000007fefd69d000 	C:\Windows\system32\WS2_32.dll
0x000007feff850000 - 0x000007feff858000 	C:\Windows\system32\NSI.dll
0x0000000078fa0000 - 0x0000000079072000 	C:\Program Files\Java\jre1.8.0_91\bin\msvcr100.dll
0x00000000700f0000 - 0x0000000070983000 	C:\Program Files\Java\jre1.8.0_91\bin\server\jvm.dll
0x000007fef8680000 - 0x000007fef8689000 	C:\Windows\system32\WSOCK32.dll
0x000007fefaed0000 - 0x000007fefaf0b000 	C:\Windows\system32\WINMM.dll
0x0000000074c60000 - 0x0000000074c6f000 	C:\Program Files\Java\jre1.8.0_91\bin\verify.dll
0x0000000071480000 - 0x00000000714a9000 	C:\Program Files\Java\jre1.8.0_91\bin\java.dll
0x0000000071450000 - 0x0000000071466000 	C:\Program Files\Java\jre1.8.0_91\bin\zip.dll
0x000007fefd2a0000 - 0x000007fefd2af000 	C:\Windows\system32\profapi.dll
0x0000000071170000 - 0x000000007118a000 	C:\Program Files\Java\jre1.8.0_91\bin\net.dll
0x000007fefca10000 - 0x000007fefca65000 	C:\Windows\system32\mswsock.dll
0x000007fefcc90000 - 0x000007fefcc97000 	C:\Windows\System32\wship6.dll
0x0000000070f00000 - 0x0000000070f24000 	C:\Program Files\Java\jre1.8.0_91\bin\sunec.dll
0x000007fefb0d0000 - 0x000007fefb0e5000 	C:\Windows\system32\NLAapi.dll
0x000007fefa0e0000 - 0x000007fefa0f5000 	C:\Windows\system32\napinsp.dll
0x000007fefa0c0000 - 0x000007fefa0d9000 	C:\Windows\system32\pnrpnsp.dll
0x000007fefc880000 - 0x000007fefc8db000 	C:\Windows\system32\DNSAPI.dll
0x000007fefa070000 - 0x000007fefa07b000 	C:\Windows\System32\winrnr.dll
0x000007fefc620000 - 0x000007fefc627000 	C:\Windows\System32\wshtcpip.dll
0x000007fefafc0000 - 0x000007fefafe7000 	C:\Windows\system32\IPHLPAPI.DLL
0x000007fefafb0000 - 0x000007fefafbb000 	C:\Windows\system32\WINNSI.DLL
0x000007fefa3f0000 - 0x000007fefa3f8000 	C:\Windows\system32\rasadhlp.dll
0x000007fefac50000 - 0x000007fefaca3000 	C:\Windows\System32\fwpuclnt.dll
0x000007fefca70000 - 0x000007fefca88000 	C:\Windows\system32\CRYPTSP.dll
0x000007fefc750000 - 0x000007fefc797000 	C:\Windows\system32\rsaenh.dll
0x000007fefd420000 - 0x000007fefd43e000 	C:\Windows\system32\USERENV.dll
0x000007fefd0f0000 - 0x000007fefd0ff000 	C:\Windows\system32\CRYPTBASE.dll
0x000007fefac20000 - 0x000007fefac31000 	C:\Windows\system32\dhcpcsvc6.DLL
0x000007fefaba0000 - 0x000007fefabb8000 	C:\Windows\system32\dhcpcsvc.DLL
0x0000000070fe0000 - 0x0000000070ff1000 	C:\Program Files\Java\jre1.8.0_91\bin\nio.dll
0x0000000070fc0000 - 0x0000000070fd7000 	C:\Windows\System32\sqljdbc_auth.dll
0x000007fefce90000 - 0x000007fefce9b000 	C:\Windows\system32\secur32.dll
0x000007fefd060000 - 0x000007fefd085000 	C:\Windows\system32\SSPICLI.DLL
0x000007fefc690000 - 0x000007fefc69a000 	C:\Windows\system32\credssp.dll
0x000007fefca90000 - 0x000007fefcb48000 	C:\Windows\system32\kerberos.DLL
0x000007fefcd40000 - 0x000007fefcd54000 	C:\Windows\system32\cryptdll.dll
0x000007fefd290000 - 0x000007fefd29f000 	C:\Windows\system32\MSASN1.dll
0x000007fefc990000 - 0x000007fefc9e2000 	C:\Windows\system32\msv1_0.DLL
0x000007fefa3c0000 - 0x000007fefa3e7000 	C:\Windows\system32\ntdsapi.dll
0x000007fef82f0000 - 0x000007fef8415000 	C:\Windows\system32\dbghelp.dll

VM Arguments:
jvm_args: -ea -Dfile.encoding=Cp1252 
java_command: org.eclipse.jdt.internal.junit.runner.RemoteTestRunner -version 3 -port 62568 -testLoaderClass org.eclipse.jdt.internal.junit4.runner.JUnit4TestLoader -loaderpluginname org.eclipse.jdt.junit4.runtime -classNames com.gd.db.test.EntityTest
java_class_path (initial): C:\workspace\AutoTool\bin;C:\QA\ATF\lib\selenium-server-standalone-2.48.2.jar;C:\QA\ATF\lib\eclipselink.jar;C:\QA\ATF\lib\javax.persistence_1.0.0.jar;C:\QA\ATF\lib\javax.persistence_2.0.4.v201112161009.jar;C:\QA\ATF\lib\slf4j-api-1.6.4.jar;C:\QA\ATF\lib\sqljdbc4.jar;/C:/Users/azheng/eclipse/java-neon/eclipse/configuration/org.eclipse.osgi/215/0/.cp/;/C:/Users/azheng/eclipse/java-neon/eclipse/configuration/org.eclipse.osgi/214/0/.cp/
Launcher Type: SUN_STANDARD

Environment Variables:
JAVA_HOME=S:\
CLASSPATH=S:\\jdk1.8.0_73\lib;S:\\jdk1.8.0_73\jre\lib;S:\\jre7\lib;S:\\jdk1.8.0_73\lib\dt.jar;S:\\jdk1.8.0_73\lib\tools.jar;C:\QA\ATF\lib
PATH=C:/Program Files/Java/jre1.8.0_91/bin/server;C:/Program Files/Java/jre1.8.0_91/bin;C:/Program Files/Java/jre1.8.0_91/lib/amd64;C:\ProgramData\Oracle\Java\javapath;C:\QA\AutoTool\bin;C:\Windows\system32;C:\Windows;C:\Windows\System32\Wbem;C:\Windows\System32\WindowsPowerShell\v1.0\;C:\Program Files\Perforce;S:\\jdk1.7.0_45\bin;S:\\jdk1.7.0_45\jre\bin;S:\\jre7\bin;C:\QA\ATF\apache-ant-1.8.3\bin;C:\Program Files\Microsoft\Web Platform Installer\;C:\Program Files (x86)\Microsoft ASP.NET\ASP.NET Web Pages\v1.0\;C:\Program Files (x86)\Windows Kits\8.0\Windows Performance Toolkit\;C:\Program Files\Microsoft SQL Server\110\Tools\Binn\;C:\QA\AutoTool\bin;C:\Ruby193\bin;C:\QA\adt-bundle-windows-x86_64-20140702\sdk\tools;C:\QA\adt-bundle-windows-x86_64-20140702\sdk\platform-tools;C:\Program Files\nodejs\;C:\Python34\Lib;C:\Python34;C:\Python34\DLLs;C:\Python34\Scripts;C:\Python34\Lib\site-packages\pip;C:\Program Files (x86)\Microsoft SQL Server\100\Tools\Binn\VSShell\Common7\IDE\;C:\Program Files (x86)\Microsoft SQL Server\100\Tools\Binn\;C:\Program Files\Microsoft SQL Server\100\Tools\Binn\;C:\Program Files (x86)\Microsoft SQL Server\100\DTS\Binn\;C:\Program Files (x86)\Appium\node_modules\.bin;C:\Users\azheng\AppData\Roaming\npm;C:\Python34\Lib\site-packages\pip;C:\Windows\system32;
USERNAME=azheng
OS=Windows_NT
PROCESSOR_IDENTIFIER=Intel64 Family 6 Model 45 Stepping 7, GenuineIntel



---------------  S Y S T E M  ---------------

OS: Windows 7 , 64 bit Build 7601 (6.1.7601.23418)

CPU:total 2 (1 cores per cpu, 1 threads per core) family 6 model 45 stepping 7, cmov, cx8, fxsr, mmx, sse, sse2, sse3, ssse3, sse4.1, sse4.2, popcnt, avx, aes, clmul, tsc, tscinvbit, tscinv

Memory: 4k page, physical 8388088k(2254072k free), swap 16774316k(5653764k free)

vm_info: Java HotSpot(TM) 64-Bit Server VM (25.91-b14) for windows-amd64 JRE (1.8.0_91-b14), built on Apr  1 2016 00:58:32 by "java_re" with MS VC++ 10.0 (VS2010)

time: Tue Sep 13 18:19:44 2016
elapsed time: 2 seconds (0d 0h 0m 2s)

